c:\users\jdr\source\repos\project1\project1\x64\debug\vc141.pdb
c:\users\jdr\source\repos\project1\project1\x64\debug\vc141.idb
c:\users\jdr\source\repos\project1\project1\x64\debug\cjson.obj
c:\users\jdr\source\repos\project1\project1\x64\debug\processreader.obj
c:\users\jdr\source\repos\project1\project1\x64\debug\memory.obj
c:\users\jdr\source\repos\project1\project1\x64\debug\main.obj
c:\users\jdr\source\repos\project1\project1\x64\debug\db.obj
c:\users\jdr\source\repos\project1\project1\x64\debug\config.obj
c:\users\jdr\source\repos\project1\x64\debug\project1.ilk
c:\users\jdr\source\repos\project1\x64\debug\project1.exe
c:\users\jdr\source\repos\project1\x64\debug\project1.pdb
c:\users\jdr\source\repos\project1\x64\debug\project1.lib
c:\users\jdr\source\repos\project1\x64\debug\project1.exp
c:\users\jdr\source\repos\project1\project1\x64\debug\project1.tlog\cl.command.1.tlog
c:\users\jdr\source\repos\project1\project1\x64\debug\project1.tlog\cl.read.1.tlog
c:\users\jdr\source\repos\project1\project1\x64\debug\project1.tlog\cl.write.1.tlog
c:\users\jdr\source\repos\project1\project1\x64\debug\project1.tlog\link.command.1.tlog
c:\users\jdr\source\repos\project1\project1\x64\debug\project1.tlog\link.read.1.tlog
c:\users\jdr\source\repos\project1\project1\x64\debug\project1.tlog\link.write.1.tlog
c:\users\jdr\source\repos\project1\project1\x64\debug\project1.tlog\project1.write.1u.tlog
